<?xml version="1.0" encoding="UTF-8"?>
<!-- Generated by org.testng.reporters.JUnitXMLReporter -->
<testsuite ignored="0" hostname="Musheer" failures="1" tests="1" name="Test(failed)(failed)" time="1.603" errors="0" timestamp="2022-02-23T08:41:01 IST">
  <testcase classname="io.cucumber.testng.AbstractTestNGCucumberTests" name="runScenario" time="0.276">
    <failure type="java.lang.NullPointerException" message="Cannot invoke &amp;quot;String.equalsIgnoreCase(String)&amp;quot; because &amp;quot;StepDefinitions.StepDefinition.browser&amp;quot; is null">
      <![CDATA[java.lang.NullPointerException: Cannot invoke "String.equalsIgnoreCase(String)" because "StepDefinitions.StepDefinition.browser" is null
at StepDefinitions.StepDefinition.beforeScenario(StepDefinition.java:34)
]]>
    </failure>
  </testcase> <!-- runScenario -->
</testsuite> <!-- Test(failed)(failed) -->
