<?xml version="1.0" encoding="UTF-8"?>
<testng-results ignored="0" total="4" passed="2" failed="2" skipped="0">
  <reporter-output>
    <line>
      <![CDATA[Browser initialized]]>
    </line>
    <line>
      <![CDATA[Browser closed]]>
    </line>
    <line>
      <![CDATA[Browser initialized]]>
    </line>
    <line>
      <![CDATA[Browser closed]]>
    </line>
    <line>
      <![CDATA[Browser initialized]]>
    </line>
    <line>
      <![CDATA[Browser closed]]>
    </line>
    <line>
      <![CDATA[Browser initialized]]>
    </line>
    <line>
      <![CDATA[Browser closed]]>
    </line>
  </reporter-output>
  <suite started-at="2022-02-24T21:25:41 IST" name="Suite" finished-at="2022-02-24T21:26:39 IST" duration-ms="57916">
    <groups>
      <group name="cucumber">
        <method signature="AbstractTestNGCucumberTests.runScenario(io.cucumber.testng.PickleWrapper,io.cucumber.testng.FeatureWrapper)[pri:0, instance:RunnerFiles.RunnerFile@a1153bc]" name="runScenario" class="io.cucumber.testng.AbstractTestNGCucumberTests"/>
      </group> <!-- cucumber -->
    </groups>
    <test started-at="2022-02-24T21:25:41 IST" name="Test" finished-at="2022-02-24T21:26:39 IST" duration-ms="57916">
      <class name="RunnerFiles.RunnerFile">
        <test-method is-config="true" signature="setUpClass(org.testng.ITestContext)[pri:0, instance:RunnerFiles.RunnerFile@a1153bc]" started-at="2022-02-24T21:25:41 IST" name="setUpClass" finished-at="2022-02-24T21:25:42 IST" duration-ms="467" status="PASS">
          <params>
            <param index="0">
              <value>
                <![CDATA[org.testng.TestRunner@5f5827d0]]>
              </value>
            </param>
          </params>
          <reporter-output>
          </reporter-output>
        </test-method> <!-- setUpClass -->
        <test-method signature="runScenario(io.cucumber.testng.PickleWrapper,io.cucumber.testng.FeatureWrapper)[pri:0, instance:RunnerFiles.RunnerFile@a1153bc]" started-at="2022-02-24T21:25:42 IST" name="runScenario" description="Runs Cucumber Scenarios" data-provider="scenarios" finished-at="2022-02-24T21:26:03 IST" duration-ms="21015" status="FAIL">
          <params>
            <param index="0">
              <value>
                <![CDATA["Sign un with correct credentials"]]>
              </value>
            </param>
            <param index="1">
              <value>
                <![CDATA["Optional[Sign un]"]]>
              </value>
            </param>
          </params>
          <exception class="org.openqa.selenium.NoSuchElementException">
            <message>
              <![CDATA[no such element: Unable to locate element: {"method":"xpath","selector":"//*[@value='1']"}
  (Session info: chrome=98.0.4758.102)
For documentation on this error, please visit: https://selenium.dev/exceptions/#no_such_element
Build info: version: '4.1.2', revision: '9a5a329c5a'
System info: host: 'MUSHEER', ip: '192.168.29.159', os.name: 'Windows 10', os.arch: 'amd64', os.version: '10.0', java.version: '17.0.2'
Driver info: org.openqa.selenium.chrome.ChromeDriver
Command: [fba1ad9f7e4ef48fd600e8be85fb453b, findElement {using=xpath, value=//*[@value='1']}]
Capabilities {acceptInsecureCerts: false, browserName: chrome, browserVersion: 98.0.4758.102, chrome: {chromedriverVersion: 98.0.4758.102 (273bf7ac8c90..., userDataDir: C:\Users\Mushe\AppData\Loca...}, goog:chromeOptions: {debuggerAddress: localhost:62536}, javascriptEnabled: true, networkConnectionEnabled: false, pageLoadStrategy: normal, platform: WINDOWS, platformName: WINDOWS, proxy: Proxy(), se:cdp: ws://localhost:62536/devtoo..., se:cdpVersion: 98.0.4758.102, setWindowRect: true, strictFileInteractability: false, timeouts: {implicit: 0, pageLoad: 300000, script: 30000}, unhandledPromptBehavior: dismiss and notify, webauthn:extension:credBlob: true, webauthn:extension:largeBlob: true, webauthn:virtualAuthenticators: true}
Session ID: fba1ad9f7e4ef48fd600e8be85fb453b]]>
            </message>
            <full-stacktrace>
              <![CDATA[org.openqa.selenium.NoSuchElementException: no such element: Unable to locate element: {"method":"xpath","selector":"//*[@value='1']"}
  (Session info: chrome=98.0.4758.102)
For documentation on this error, please visit: https://selenium.dev/exceptions/#no_such_element
Build info: version: '4.1.2', revision: '9a5a329c5a'
System info: host: 'MUSHEER', ip: '192.168.29.159', os.name: 'Windows 10', os.arch: 'amd64', os.version: '10.0', java.version: '17.0.2'
Driver info: org.openqa.selenium.chrome.ChromeDriver
Command: [fba1ad9f7e4ef48fd600e8be85fb453b, findElement {using=xpath, value=//*[@value='1']}]
Capabilities {acceptInsecureCerts: false, browserName: chrome, browserVersion: 98.0.4758.102, chrome: {chromedriverVersion: 98.0.4758.102 (273bf7ac8c90..., userDataDir: C:\Users\Mushe\AppData\Loca...}, goog:chromeOptions: {debuggerAddress: localhost:62536}, javascriptEnabled: true, networkConnectionEnabled: false, pageLoadStrategy: normal, platform: WINDOWS, platformName: WINDOWS, proxy: Proxy(), se:cdp: ws://localhost:62536/devtoo..., se:cdpVersion: 98.0.4758.102, setWindowRect: true, strictFileInteractability: false, timeouts: {implicit: 0, pageLoad: 300000, script: 30000}, unhandledPromptBehavior: dismiss and notify, webauthn:extension:credBlob: true, webauthn:extension:largeBlob: true, webauthn:virtualAuthenticators: true}
Session ID: fba1ad9f7e4ef48fd600e8be85fb453b
at java.base/jdk.internal.reflect.NativeConstructorAccessorImpl.newInstance0(Native Method)
at java.base/jdk.internal.reflect.NativeConstructorAccessorImpl.newInstance(NativeConstructorAccessorImpl.java:77)
at java.base/jdk.internal.reflect.DelegatingConstructorAccessorImpl.newInstance(DelegatingConstructorAccessorImpl.java:45)
at java.base/java.lang.reflect.Constructor.newInstanceWithCaller(Constructor.java:499)
at java.base/java.lang.reflect.Constructor.newInstance(Constructor.java:480)
at org.openqa.selenium.remote.codec.w3c.W3CHttpResponseCodec.createException(W3CHttpResponseCodec.java:200)
at org.openqa.selenium.remote.codec.w3c.W3CHttpResponseCodec.decode(W3CHttpResponseCodec.java:133)
at org.openqa.selenium.remote.codec.w3c.W3CHttpResponseCodec.decode(W3CHttpResponseCodec.java:53)
at org.openqa.selenium.remote.HttpCommandExecutor.execute(HttpCommandExecutor.java:184)
at org.openqa.selenium.remote.service.DriverCommandExecutor.invokeExecute(DriverCommandExecutor.java:167)
at org.openqa.selenium.remote.service.DriverCommandExecutor.execute(DriverCommandExecutor.java:142)
at org.openqa.selenium.remote.RemoteWebDriver.execute(RemoteWebDriver.java:558)
at org.openqa.selenium.remote.ElementLocation$ElementFinder$2.findElement(ElementLocation.java:162)
at org.openqa.selenium.remote.ElementLocation.findElement(ElementLocation.java:60)
at org.openqa.selenium.remote.RemoteWebDriver.findElement(RemoteWebDriver.java:382)
at org.openqa.selenium.remote.RemoteWebDriver.findElement(RemoteWebDriver.java:374)
at Pages.LoginMyStore.filldetails(LoginMyStore.java:54)
at StepDefinitions.StepDefinition.Signing_up_with_valid_credentials(StepDefinition.java:115)
at ✽.Signing up with valid credentials(file:///D:/Projects/Automation/AutoProject1/src/test/resources/FeatureFiles/ASignupwithcorrectcredentials.feature:7)
]]>
            </full-stacktrace>
          </exception> <!-- org.openqa.selenium.NoSuchElementException -->
          <reporter-output>
            <line>
              <![CDATA[Browser initialized]]>
            </line>
            <line>
              <![CDATA[Browser closed]]>
            </line>
          </reporter-output>
        </test-method> <!-- runScenario -->
        <test-method signature="runScenario(io.cucumber.testng.PickleWrapper,io.cucumber.testng.FeatureWrapper)[pri:0, instance:RunnerFiles.RunnerFile@a1153bc]" started-at="2022-02-24T21:26:03 IST" name="runScenario" description="Runs Cucumber Scenarios" data-provider="scenarios" finished-at="2022-02-24T21:26:07 IST" duration-ms="4215" status="FAIL">
          <params>
            <param index="0">
              <value>
                <![CDATA["Follow us on facebook"]]>
              </value>
            </param>
            <param index="1">
              <value>
                <![CDATA["Optional[Homepage]"]]>
              </value>
            </param>
          </params>
          <exception class="java.lang.AssertionError">
            <message>
              <![CDATA[expected [true] but found [false]]]>
            </message>
            <full-stacktrace>
              <![CDATA[java.lang.AssertionError: expected [true] but found [false]
at org.testng.Assert.fail(Assert.java:99)
at org.testng.Assert.failNotEquals(Assert.java:1037)
at org.testng.Assert.assertTrue(Assert.java:45)
at org.testng.Assert.assertTrue(Assert.java:55)
at StepDefinitions.StepDefinition.homepage_of_regex_site(StepDefinition.java:92)
at ✽.homepage of site(file:///D:/Projects/Automation/AutoProject1/src/test/resources/FeatureFiles/Followusonfacebook.feature:5)
]]>
            </full-stacktrace>
          </exception> <!-- java.lang.AssertionError -->
          <reporter-output>
            <line>
              <![CDATA[Browser initialized]]>
            </line>
            <line>
              <![CDATA[Browser closed]]>
            </line>
          </reporter-output>
        </test-method> <!-- runScenario -->
        <test-method signature="runScenario(io.cucumber.testng.PickleWrapper,io.cucumber.testng.FeatureWrapper)[pri:0, instance:RunnerFiles.RunnerFile@a1153bc]" started-at="2022-02-24T21:26:07 IST" name="runScenario" description="Runs Cucumber Scenarios" data-provider="scenarios" finished-at="2022-02-24T21:26:20 IST" duration-ms="13149" status="PASS">
          <params>
            <param index="0">
              <value>
                <![CDATA["Logo"]]>
              </value>
            </param>
            <param index="1">
              <value>
                <![CDATA["Optional[Homepage]"]]>
              </value>
            </param>
          </params>
          <reporter-output>
            <line>
              <![CDATA[Browser initialized]]>
            </line>
            <line>
              <![CDATA[Browser closed]]>
            </line>
          </reporter-output>
        </test-method> <!-- runScenario -->
        <test-method signature="runScenario(io.cucumber.testng.PickleWrapper,io.cucumber.testng.FeatureWrapper)[pri:0, instance:RunnerFiles.RunnerFile@a1153bc]" started-at="2022-02-24T21:26:20 IST" name="runScenario" description="Runs Cucumber Scenarios" data-provider="scenarios" finished-at="2022-02-24T21:26:39 IST" duration-ms="18378" status="PASS">
          <params>
            <param index="0">
              <value>
                <![CDATA["Sign in with correct credentials"]]>
              </value>
            </param>
            <param index="1">
              <value>
                <![CDATA["Optional[Sign in]"]]>
              </value>
            </param>
          </params>
          <reporter-output>
            <line>
              <![CDATA[Browser initialized]]>
            </line>
            <line>
              <![CDATA[Browser closed]]>
            </line>
          </reporter-output>
        </test-method> <!-- runScenario -->
        <test-method is-config="true" signature="tearDownClass()[pri:0, instance:RunnerFiles.RunnerFile@a1153bc]" started-at="2022-02-24T21:26:39 IST" name="tearDownClass" finished-at="2022-02-24T21:26:39 IST" duration-ms="632" status="PASS">
          <reporter-output>
          </reporter-output>
        </test-method> <!-- tearDownClass -->
      </class> <!-- RunnerFiles.RunnerFile -->
      <class name="Framework.Setup">
        <test-method is-config="true" signature="getCredentials()[pri:0, instance:Framework.Setup@6025e1b6]" started-at="2022-02-24T21:25:32 IST" name="getCredentials" finished-at="2022-02-24T21:25:41 IST" duration-ms="9283" status="PASS">
          <reporter-output>
          </reporter-output>
        </test-method> <!-- getCredentials -->
        <test-method is-config="true" signature="initializeDriver(java.lang.String)[pri:0, instance:Framework.Setup@6025e1b6]" started-at="2022-02-24T21:25:41 IST" name="initializeDriver" finished-at="2022-02-24T21:25:41 IST" duration-ms="6" status="PASS">
          <params>
            <param index="0">
              <value>
                <![CDATA[chrome]]>
              </value>
            </param>
          </params>
          <reporter-output>
          </reporter-output>
        </test-method> <!-- initializeDriver -->
      </class> <!-- Framework.Setup -->
    </test> <!-- Test -->
  </suite> <!-- Suite -->
</testng-results>
