<?xml version="1.0" encoding="UTF-8"?>
<testng-results ignored="0" total="1" passed="1" failed="0" skipped="0">
  <reporter-output>
  </reporter-output>
  <suite started-at="2022-03-09T01:10:32 IST" name="Default suite" finished-at="2022-03-09T01:10:55 IST" duration-ms="22873">
    <groups>
    </groups>
    <test started-at="2022-03-09T01:10:32 IST" name="Default test" finished-at="2022-03-09T01:10:55 IST" duration-ms="22873">
      <class name="Testing.Ctrlplusclick">
        <test-method signature="f()[pri:0, instance:Testing.Ctrlplusclick@694abbdc]" started-at="2022-03-09T01:10:32 IST" name="f" finished-at="2022-03-09T01:10:54 IST" duration-ms="22804" status="PASS">
          <reporter-output>
          </reporter-output>
        </test-method> <!-- f -->
      </class> <!-- Testing.Ctrlplusclick -->
    </test> <!-- Default test -->
  </suite> <!-- Default suite -->
</testng-results>
