<?xml version="1.0" encoding="UTF-8"?>
<testng-results ignored="0" total="1" passed="1" failed="0" skipped="0">
  <reporter-output>
  </reporter-output>
  <suite started-at="2022-03-02T04:21:43 IST" name="Suite" finished-at="2022-03-02T04:21:57 IST" duration-ms="14129">
    <groups>
    </groups>
    <test started-at="2022-03-02T04:21:43 IST" name="Test1" finished-at="2022-03-02T04:21:57 IST" duration-ms="14129">
      <class name="Testing.NewTest2">
        <test-method signature="f()[pri:0, instance:Testing.NewTest2@661972b0]" started-at="2022-03-02T04:21:43 IST" name="f" finished-at="2022-03-02T04:21:57 IST" duration-ms="14069" status="PASS">
          <reporter-output>
          </reporter-output>
        </test-method> <!-- f -->
      </class> <!-- Testing.NewTest2 -->
    </test> <!-- Test1 -->
  </suite> <!-- Suite -->
</testng-results>
